unnecessary/intermediates/manifest_merge_blame_file/debug/manifest-merger-blame-debug-report.txt
1<?xml version="1.0" encoding="utf-8"?>
2<manifest xmlns:android="http://schemas.android.com/apk/res/android"
3    package="com.example.tae"
4    android:versionCode="1"
5    android:versionName="1.0" >
6
7    <uses-sdk
8        android:minSdkVersion="21"
8-->src\main\AndroidManifest.xml
9        android:targetSdkVersion="30" />
9-->src\main\AndroidManifest.xml
10
11    <application
11-->src\main\AndroidManifest.xml:5:5-36:19
12        android:allowBackup="true"
12-->src\main\AndroidManifest.xml:6:9-35
13        android:appComponentFactory="androidx.core.app.CoreComponentFactory"
13-->[androidx.core:core:1.3.1] AndroidManifest.xml:24:18-86
14        android:debuggable="true"
15        android:icon="@mipmap/ic_launcher"
15-->src\main\AndroidManifest.xml:7:9-43
16        android:label="@string/app_name"
16-->src\main\AndroidManifest.xml:8:9-41
17        android:roundIcon="@mipmap/ic_launcher_round"
17-->src\main\AndroidManifest.xml:9:9-54
18        android:supportsRtl="true"
18-->src\main\AndroidManifest.xml:10:9-35
19        android:testOnly="true"
20        android:theme="@style/Theme.TAE" >
20-->src\main\AndroidManifest.xml:11:9-41
21        <activity
21-->src\main\AndroidManifest.xml:12:9-17:15
22            android:name="com.example.tae.Profile"
22-->src\main\AndroidManifest.xml:13:13-36
23            android:exported="true"
23-->src\main\AndroidManifest.xml:14:13-36
24            android:label="Profile"
24-->src\main\AndroidManifest.xml:15:13-36
25            android:parentActivityName="com.example.tae.Home" />
25-->src\main\AndroidManifest.xml:16:13-47
26        <activity
26-->src\main\AndroidManifest.xml:18:9-22:15
27            android:name="com.example.tae.Home"
27-->src\main\AndroidManifest.xml:19:13-33
28            android:exported="true"
28-->src\main\AndroidManifest.xml:20:13-36
29            android:label="Travel and Earn" />
29-->src\main\AndroidManifest.xml:21:13-44
30        <activity
30-->src\main\AndroidManifest.xml:23:9-26:39
31            android:name="com.example.tae.MainActivity2"
31-->src\main\AndroidManifest.xml:24:13-42
32            android:exported="true"
32-->src\main\AndroidManifest.xml:25:13-36
33            android:label="Sign Up" />
33-->src\main\AndroidManifest.xml:26:13-36
34        <activity
34-->src\main\AndroidManifest.xml:27:9-35:20
35            android:name="com.example.tae.MainActivity"
35-->src\main\AndroidManifest.xml:28:13-41
36            android:exported="true" >
36-->src\main\AndroidManifest.xml:29:13-36
37            <intent-filter>
37-->src\main\AndroidManifest.xml:30:13-34:29
38                <action android:name="android.intent.action.MAIN" />
38-->src\main\AndroidManifest.xml:31:17-69
38-->src\main\AndroidManifest.xml:31:25-66
39
40                <category android:name="android.intent.category.LAUNCHER" />
40-->src\main\AndroidManifest.xml:33:17-77
40-->src\main\AndroidManifest.xml:33:27-74
41            </intent-filter>
42        </activity>
43    </application>
44
45</manifest>